[17/1/2014 14:20:41] /t
[17/1/2014 18:43:17] /shutdown
[17/1/2014 18:46:4] /shutdown
[17/1/2014 18:55:51] /t
[17/1/2014 18:56:55] /town 2
[17/1/2014 18:56:57] /town 3
[17/1/2014 18:56:58] /town 4
[17/1/2014 18:56:59] /town 5
[17/1/2014 18:57:1] /town 6
[17/1/2014 18:57:3] /town 7
[17/1/2014 18:57:7] /town 1
[17/1/2014 18:57:12] /town 2
[17/1/2014 18:59:6] /i magic sword
[17/1/2014 18:59:34] /town 2
[17/1/2014 18:59:36] /town 3
[17/1/2014 18:59:38] /town 4
[17/1/2014 18:59:41] /town 6
[17/1/2014 18:59:45] /t
[17/1/2014 19:0:27] /start-dota 
[17/1/2014 19:0:53] /team-dota 
[17/1/2014 19:1:16] /jail Souzin
[17/1/2014 19:1:19] /goto Souzin
[17/1/2014 19:1:52] /goto Souzin
[17/1/2014 19:2:2] /goto Souzin, 10
[17/1/2014 19:2:4] /goto Souzin 10
[17/1/2014 19:2:13] /jail Souzin, 10
[17/1/2014 19:15:36] /shutdown
[17/1/2014 23:54:39] /i mana potion
[18/1/2014 6:40:36] /reload spells
[18/1/2014 12:9:16] /shutdown
[18/1/2014 16:47:36] /shutdown
[19/1/2014 12:48:16] /t
[19/1/2014 12:48:30] /goto Souzin
[19/1/2014 12:49:20] /r
[19/1/2014 12:49:28] /r
[19/1/2014 12:50:34] /attr
[19/1/2014 12:50:37] /attr vocation 1
[19/1/2014 12:50:40] /r
[19/1/2014 12:50:50] /attr healthmax 1000
[19/1/2014 12:51:49] /t
[19/1/2014 12:51:51] /c souzin
[19/1/2014 12:52:23] /c souzin
[19/1/2014 12:56:19] /shutdown
[23/1/2014 21:11:4] /shutdown
[23/1/2014 21:19:16] /shutdown
[23/1/2014 21:21:23] /goto Druid Sample
[23/1/2014 21:38:43] /goto Druid Sample
[23/1/2014 21:44:22] /t
[23/1/2014 21:45:51] /i donate sword
[23/1/2014 21:58:19] /s trainers
[23/1/2014 21:58:22] /a
[23/1/2014 21:58:24] /s trainers
[27/1/2014 16:48:14] /shutdown 
[27/2/2014 18:10:10] /i backpack
[27/2/2014 18:14:10] /i 2358
[27/2/2014 18:22:40] /i 11117
[27/2/2014 18:37:35] /clean
[27/2/2014 18:48:22] /ghost
[27/2/2014 18:48:27] /ghost
[27/2/2014 18:48:41] /c 192.95.10.62
[27/2/2014 18:48:44] /c 192.95.10.62
[27/2/2014 18:48:47] /c stark
[27/2/2014 18:50:53] /i backpack
[27/2/2014 18:53:9] /shutdown
[27/2/2014 18:56:11] /i 7888
[27/2/2014 18:56:24] /i 2323
[27/2/2014 18:56:56] /reload movements
[27/2/2014 18:57:25] /reload movements
[27/2/2014 18:57:57] /c stark
[27/2/2014 18:58:36] /promote Stark
[27/2/2014 18:58:37] /promote Stark
[27/2/2014 18:58:37] /promote Stark
[27/2/2014 18:58:38] /promote Stark
[27/2/2014 18:58:38] /promote Stark
[27/2/2014 18:58:39] /promote Stark
[27/2/2014 18:58:39] /promote Stark
[27/2/2014 19:32:26] /i donate bots
[27/2/2014 19:32:28] /i donate boots
[27/2/2014 23:13:9] /m trainer
[27/2/2014 23:13:42] /t
[27/2/2014 23:13:45] /town 2
[27/2/2014 23:13:47] /t
[28/2/2014 8:7:29] /i Donate Warrior Legs 
[28/2/2014 8:7:45] /i Donate Mage Armor
[28/2/2014 8:10:41] /i Donate Warrior Armor
[28/2/2014 8:11:0] /i Donate Mage Legs
[28/2/2014 8:11:10] /i Donate Sword
[28/2/2014 8:30:34] /i donate epic boots
[28/2/2014 10:4:10] /reload creature
[28/2/2014 10:4:14] /reload creaturescripts
[28/2/2014 23:36:11] /shutdown
[28/2/2014 23:37:10] /shutdown
[1/3/2014 10:51:42] /ghost
[1/3/2014 10:51:44] /goto Druid Sem Nome
[1/3/2014 10:52:31] /goto hellspaw
[1/3/2014 10:55:13] /t
[1/3/2014 11:20:12] /town 1
[1/3/2014 11:20:14] /t
[1/3/2014 11:20:28] /goto Nqueriasaberomeunome
[1/3/2014 16:25:59] /shutdown 1
