[16/6/2014 1:50:18] /closeserver
[16/6/2014 1:52:22] /reload globalevents
[16/6/2014 1:53:54] /reload globalevents
[16/6/2014 1:54:18] /reload globalevents
[16/6/2014 1:54:23] /t
[16/6/2014 1:55:36] /reload globalevents
[16/6/2014 1:56:12] /reload globalevents
[16/6/2014 1:56:35] /reload globalevents
[16/6/2014 1:57:8] /reload globalevents
[16/6/2014 1:57:42] /reload globalevents
[16/6/2014 2:2:40] /t
[16/6/2014 2:5:26] /openserver
[16/6/2014 2:5:31] /t
[16/6/2014 2:5:35] /town 2
[16/6/2014 2:5:43] /attr group 6
[16/6/2014 2:5:48] /t
[16/6/2014 2:5:58] /town 2
[16/6/2014 2:6:4] /promote Victor Goulart
[16/6/2014 2:6:4] /promote Victor Goulart
[16/6/2014 2:6:5] /promote Victor Goulart
[16/6/2014 2:6:5] /promote Victor Goulart
[16/6/2014 2:6:7] /promote Victor Goulart
[16/6/2014 2:9:38] /attr group 6
[16/6/2014 2:9:54] /town 2
[16/6/2014 2:9:58] /attr group 6
[16/6/2014 2:10:3] /closeserver
[16/6/2014 2:10:5] /goto Viting
[16/6/2014 2:10:57] /n Old Wise
[16/6/2014 2:12:55] /c Unsek
[16/6/2014 2:13:48] /t
[16/6/2014 2:22:23] /down
[16/6/2014 2:22:29] /up
[16/6/2014 2:22:35] /a 15
[16/6/2014 2:24:34] /t
[16/6/2014 2:28:53] /t
[16/6/2014 2:29:22] /down
[16/6/2014 2:29:27] /a 15
[16/6/2014 2:29:38] /ghost
[16/6/2014 2:29:51] /t
[16/6/2014 2:32:16] /reload movements
[16/6/2014 2:34:25] /reload movements
[16/6/2014 2:34:39] /reload movements
[16/6/2014 2:35:10] /reload movements
[16/6/2014 2:40:41] /t
[16/6/2014 2:53:53] /t
