[23/1/2014 21:21:56] /a 100
[23/1/2014 21:22:32] /goto demon
[23/1/2014 21:22:39] /goto orshaball
[23/1/2014 21:23:4] /a 5
[23/1/2014 21:23:18] /t
[23/1/2014 21:23:48] /i demon shield
[23/1/2014 21:23:52] /r
[23/1/2014 21:24:14] /goto aaronzinho
[23/1/2014 21:24:33] /t
[23/1/2014 21:25:5] /goto dragon
[23/1/2014 21:25:17] /goto apocalipse
[23/1/2014 21:25:28] /i ice rapier
[23/1/2014 21:25:40] /r
[23/1/2014 21:25:43] /r
[23/1/2014 21:27:5] /goto aaronzinho
[23/1/2014 21:27:12] /i golden legs
[23/1/2014 21:27:15] /r
[23/1/2014 21:27:20] /i baiak staff
[23/1/2014 21:28:9] /i magic sword
[23/1/2014 21:28:17] /r
[23/1/2014 21:28:39] /i Tin Lizzard
[23/1/2014 21:28:43] /s Tin Lizzard
[23/1/2014 21:28:46] /m Tin Lizzard
[23/1/2014 21:29:17] /i demon armor
[23/1/2014 21:29:19] /i demon shield
[23/1/2014 21:29:32] /i demon backpack
[23/1/2014 21:29:37] /i demon helmet
[23/1/2014 21:29:59] /i rainbow Shield
[23/1/2014 21:30:8] /r
[23/1/2014 21:30:15] /r
[23/1/2014 21:30:27] /i Shield of Corruption
[23/1/2014 21:30:34] /r
[23/1/2014 21:30:59] /i ornate shield
[23/1/2014 21:31:3] /i Prismatic Shield
[23/1/2014 21:31:10] /i Mastermind Shield
[23/1/2014 21:31:14] /r
[23/1/2014 21:31:40] /i Crystal Crossbow
[23/1/2014 21:31:48] /i Ornate Crossbow
[23/1/2014 21:31:56] /i Arbalest
[23/1/2014 21:32:4] /r
[23/1/2014 21:32:9] /i Royal Crossbow
[23/1/2014 21:32:40] /i Vortex Bolt
[23/1/2014 21:32:47] /i Shiver Arrow
[23/1/2014 21:32:52] /goto trainer
[23/1/2014 21:33:1] /goto treiner
[23/1/2014 21:33:2] /t
[23/1/2014 21:33:21] /r
[23/1/2014 21:33:36] /i Warsinger Bow
[23/1/2014 21:34:0] /r 100
[23/1/2014 21:34:4] /r 100
[23/1/2014 21:34:43] /i Spellbook of Vigilance
[23/1/2014 21:34:58] /i Jewelled Backpack
[23/1/2014 21:35:8] /goto aaronzinho
[23/1/2014 21:36:43] /goto aaronzinho
[23/1/2014 21:36:49] /goto aaronzinho
[23/1/2014 21:36:54] /goto aaronzinho
[23/1/2014 21:37:16] /goto aaronzinho
[23/1/2014 21:37:29] /goto aaronzinho
[23/1/2014 21:37:46] /goto aaronzinho
[23/1/2014 21:37:58] /i donate eagle shield
[23/1/2014 21:38:8] /i donate sword
[23/1/2014 21:38:14] /i donate helmet
[23/1/2014 21:38:16] /i donate armor
[23/1/2014 21:38:20] /i donate backpack
[23/1/2014 21:38:26] /i donate legs
[23/1/2014 21:38:32] /goto aaronzinho
[23/1/2014 21:39:7] /r
[23/1/2014 21:39:8] /r
[23/1/2014 21:39:9] /r
[23/1/2014 21:39:30] /goto aaronzinho
[23/1/2014 21:39:33] /goto aaronzinho
[23/1/2014 21:39:38] /goto aaronzinho
[23/1/2014 21:40:29] /goto aaronzinho
[23/1/2014 21:41:22] /i donate wand
[23/1/2014 21:41:30] /i donate rod
[23/1/2014 21:41:55] /i donate sword
[23/1/2014 21:44:3] /i Queen's Sceptre
[23/1/2014 21:44:10] /r
[23/1/2014 21:44:21] /r
[23/1/2014 21:44:26] /i The Stomper
[23/1/2014 21:44:58] /i rapid boar
[23/1/2014 21:45:8] /i tin key
[23/1/2014 21:45:26] /goto aaronzinho
[23/1/2014 21:45:36] /i ice rapier
[23/1/2014 21:45:52] /r
[23/1/2014 21:46:4] /i donate sword
[23/1/2014 21:46:8] /r
[23/1/2014 21:48:49] /i donate shield
[23/1/2014 21:48:54] /i donate raven shield
[23/1/2014 21:48:59] /i demon shield
[23/1/2014 21:49:5] /r
