[14/1/2014 18:9:41] /t
[14/1/2014 18:11:18] /goto demon
[14/1/2014 18:13:36] /town 2
[14/1/2014 18:13:37] /town 3
[14/1/2014 18:13:38] /town 4
[14/1/2014 18:13:39] /town 5
[14/1/2014 18:13:40] /town 6
[14/1/2014 18:13:41] /town 7
[14/1/2014 18:13:42] /town 8
[14/1/2014 18:13:43] /town 9
[14/1/2014 18:13:44] /town 0
[14/1/2014 18:13:46] /town 10
[14/1/2014 18:13:47] /town 11
[14/1/2014 18:13:48] /town 12
[14/1/2014 18:13:49] /town 13
[14/1/2014 18:13:50] /town 14
[14/1/2014 18:13:51] /town 15
[14/1/2014 18:13:52] /town 16
[14/1/2014 18:13:54] /town 16
[14/1/2014 18:13:55] /town 15
[14/1/2014 18:15:3] /up
[14/1/2014 18:15:7] /up
[14/1/2014 18:15:10] /town 
[14/1/2014 18:15:11] /town 2
[14/1/2014 18:15:12] /town 1
[14/1/2014 18:16:1] /shutdown
[14/1/2014 20:52:36] /shutdown
