[27/2/2014 19:6:24] /i /i Donate Blessed Shield
[27/2/2014 19:6:31] /i Donate Blessed Shield
[27/2/2014 19:6:56] /i Donate Eagle Shield
[27/2/2014 19:7:44] /i Donate Bow
[27/2/2014 19:7:51] /r
[27/2/2014 19:7:54] /r
[27/2/2014 19:8:2] /i donate bow
[27/2/2014 19:8:6] /r
[27/2/2014 19:8:11] /i donate arrow
[27/2/2014 19:8:25] /i Donate Axe
[27/2/2014 19:9:22] /i ice arrow
[27/2/2014 19:9:28] /i arrow
[27/2/2014 19:9:35] /goto trainer
[27/2/2014 19:9:50] /goto druid sample
[27/2/2014 19:10:41] /i donate epic sword
[27/2/2014 19:10:52] /i Donate Spear
[27/2/2014 19:11:15] /r
[27/2/2014 19:11:19] /r 100
[27/2/2014 19:11:21] /r 100
[27/2/2014 19:11:37] /r 100
[27/2/2014 19:11:39] /r 100
[27/2/2014 19:11:40] /r 100
[27/2/2014 19:11:43] /i donate axe
[27/2/2014 19:40:21] /goto demon
[27/2/2014 19:43:47] /i lich staff
[27/2/2014 19:43:58] /i 5801
[27/2/2014 19:45:23] /t
[27/2/2014 19:47:28] /i Donate Mage Armor
[27/2/2014 19:47:46] /i Donate Epic Boots
[27/2/2014 19:48:9] /i Donate Scale Helmet
[27/2/2014 19:48:17] /r
[27/2/2014 19:48:26] /i Helmet Vip
[27/2/2014 19:49:11] /i donate eangle shield
[27/2/2014 19:49:19] /i Donate Eagle Shield
[27/2/2014 19:49:28] /i crystal coin
[27/2/2014 19:49:28] /i crystal coin
[27/2/2014 19:49:29] /i crystal coin
[27/2/2014 19:54:14] /m bug
[28/2/2014 10:52:3] /goto
[28/2/2014 10:52:33] /m bug
[28/2/2014 10:52:39] /m bug
[28/2/2014 10:53:12] /goto lorietta
[28/2/2014 10:53:36] /goto bug
[28/2/2014 10:53:49] /goto aaronzinho
[28/2/2014 10:55:18] /i donate club
[28/2/2014 10:55:42] /i rotworm
[28/2/2014 10:55:47] /i hotworm
[28/2/2014 10:56:21] /m Rotworm
[28/2/2014 10:57:53] /m Rotworm queen
[28/2/2014 10:58:33] /m rotworm queen
[28/2/2014 10:59:12] /m rotworm queen
[28/2/2014 10:59:15] /i underworld rod
[28/2/2014 11:2:12] /c trainer
[28/2/2014 11:2:17] /m trainer
[28/2/2014 11:2:22] /c training
[28/2/2014 11:2:26] /goto trainer
[28/2/2014 11:3:6] /goto Aaronzinho
[28/2/2014 11:3:25] /c Trainers
[28/2/2014 11:3:37] /c Trainers
[28/2/2014 11:4:36] /m Trainers
[28/2/2014 11:4:39] /s Trainers
[28/2/2014 11:4:41] /i Trainers
[1/3/2014 16:38:9] /c druid sem nome
[1/3/2014 16:39:51] /i donate blessed shield
[1/3/2014 16:40:1] /i donate helmet
[1/3/2014 16:40:14] /i donate mage armor
[1/3/2014 16:40:35] /i crystal coin
[1/3/2014 16:40:38] /i crystal coin
[1/3/2014 16:40:40] /i crystal coin
[1/3/2014 16:40:42] /i crystal coin
[1/3/2014 16:40:45] /i crystal coin
[1/3/2014 16:41:36] /i amulet of loss
[1/3/2014 16:41:38] /i amulet of loss
[1/3/2014 16:41:40] /i amulet of loss
[1/3/2014 16:41:42] /i amulet of loss
[1/3/2014 16:41:43] /i amulet of loss
[1/3/2014 16:41:43] /i amulet of loss
[1/3/2014 16:41:44] /i amulet of loss
[1/3/2014 16:41:44] /i amulet of loss
[1/3/2014 16:41:44] /i amulet of loss
[1/3/2014 16:41:45] /i amulet of loss
[1/3/2014 16:42:26] /t druid sem nome
[1/3/2014 16:42:51] /c Reiteo
[1/3/2014 16:43:3] /i demon backpack
[1/3/2014 16:43:14] /i donate mage armor
[1/3/2014 16:43:20] /i donate legs
[1/3/2014 16:43:24] /i donate helmet
[1/3/2014 16:44:2] /i crystal coin
[1/3/2014 16:44:2] /i crystal coin
[1/3/2014 16:44:3] /i crystal coin
[1/3/2014 16:44:3] /i crystal coin
[1/3/2014 16:44:3] /i crystal coin
[1/3/2014 16:44:9] /i vip staff
[1/3/2014 16:44:16] /i baiak staff
[1/3/2014 16:44:30] /i Donate Mage Legs
[1/3/2014 16:45:11] /goto reiteo
[1/3/2014 16:45:15] /m bug
[1/3/2014 16:45:52] /m bug
[1/3/2014 16:46:0] /m rotworm
[1/3/2014 16:46:11] /i underworld rod
[1/3/2014 16:46:19] /r
[1/3/2014 16:46:21] /r
[1/3/2014 16:47:55] /goto Druid Sem Nome
[1/3/2014 16:48:4] /i great mana potion
[1/3/2014 16:48:5] /i great mana potion
[1/3/2014 16:48:5] /i great mana potion
[1/3/2014 16:48:6] /i great mana potion
[1/3/2014 16:48:6] /i great mana potion
[1/3/2014 16:48:13] /i great mana potion
[1/3/2014 16:48:14] /i great mana potion
[1/3/2014 16:48:18] /i great mana potion
[1/3/2014 16:48:27] /i great mana potion
[1/3/2014 16:48:48] /i demon backpack
[1/3/2014 16:51:52] /goto reiteo
[1/3/2014 16:51:55] /r
[1/3/2014 16:52:0] /m bug
[1/3/2014 16:52:1] /m bug
[1/3/2014 16:52:1] /m bug
[1/3/2014 16:52:2] /m bug
[1/3/2014 16:52:9] /goto druid sem nome
[1/3/2014 16:53:11] /m dragon
[1/3/2014 16:53:36] /m dragon lord
[1/3/2014 16:54:19] /c reiteo
[1/3/2014 16:55:2] /c cyclop
[1/3/2014 16:55:6] /m ciclop
[1/3/2014 16:55:10] /m bug
[1/3/2014 16:55:10] /m bug
[1/3/2014 16:55:18] /a 50
[1/3/2014 16:55:22] /c reiteo
[1/3/2014 16:55:33] /m rotworm queen
[1/3/2014 16:55:33] /m rotworm queen
[1/3/2014 16:55:34] /m rotworm queen
[1/3/2014 16:55:50] /m dragon
[1/3/2014 16:56:9] /i sudden death rune
[1/3/2014 16:56:20] /m dragon
[1/3/2014 16:56:57] /i sudden death rune
[1/3/2014 16:57:8] /m dragon lord
[1/3/2014 16:58:5] /goto demon
[1/3/2014 16:58:10] /goto dragon lord
[1/3/2014 16:58:12] /goto hydra
[1/3/2014 16:58:17] /c druid sem nome
[1/3/2014 16:58:38] /i sudden death rune
[1/3/2014 16:58:41] /i sudden death rune
[1/3/2014 16:58:42] /i sudden death rune
[1/3/2014 16:58:45] /i sudden death rune
[1/3/2014 16:58:46] /i sudden death rune
[1/3/2014 16:59:17] /goto dragon
[1/3/2014 16:59:20] /c reitwo
[1/3/2014 16:59:22] /c reiteo
[1/3/2014 17:0:15] /b USEM E ABUSEM DO SERVER !
[1/3/2014 17:0:19] /b MAIS TARDE ENTRO
[1/3/2014 17:0:22] /b OFFLINE
[1/3/2014 17:0:33] /goto Nqueriasaberomeunome
[1/3/2014 17:0:49] /i demon backpack
[1/3/2014 17:1:9] /i Donate Warrior Armor
[1/3/2014 17:1:11] /i Donate Warrior legs
[1/3/2014 17:1:14] /i Donate axe
[1/3/2014 17:1:21] /i donate epic boots
[1/3/2014 17:1:24] /i donate helmet
[1/3/2014 17:1:27] /i crystal coin
[1/3/2014 17:1:28] /i crystal coin
[1/3/2014 17:1:28] /i crystal coin
[1/3/2014 17:1:29] /i crystal coin
[1/3/2014 17:1:29] /i crystal coin
[1/3/2014 17:1:29] /i crystal coin
[1/3/2014 17:1:45] /i spell book
[1/3/2014 17:1:52] /m bug
[1/3/2014 17:1:52] /m bug
[1/3/2014 17:1:53] /m bug
[1/3/2014 17:1:53] /m bug
[1/3/2014 17:2:13] /i donate mage legs
[1/3/2014 17:2:17] /i donate mage armor
[1/3/2014 17:2:26] /i sudden death rune
[1/3/2014 17:2:27] /i sudden death rune
[1/3/2014 17:2:29] /i sudden death rune
[1/3/2014 17:2:29] /i sudden death rune
[1/3/2014 17:2:31] /i sudden death rune
[1/3/2014 17:2:36] /i great mana potion
[1/3/2014 17:2:37] /i great mana potion
[1/3/2014 17:2:37] /i great mana potion
[1/3/2014 17:2:37] /i great mana potion
[1/3/2014 17:2:39] /i great mana potion
[1/3/2014 17:3:7] /i spellbook
[1/3/2014 17:3:42] /m cyclope
[1/3/2014 17:3:44] /m cyclop
[1/3/2014 17:3:56] /m cyclops
[1/3/2014 17:4:13] /m cyclops
[1/3/2014 17:4:47] /m cyclops
[1/3/2014 17:6:10] /m exp bug
[1/3/2014 17:6:11] /m exp 
[1/3/2014 17:6:13] /m xp
[1/3/2014 17:6:47] /i donate epic boots
[1/3/2014 17:6:53] /i donate helmet
[1/3/2014 17:7:21] /i dragon
[1/3/2014 17:7:33] /m dragon
[1/3/2014 17:8:7] /m dragon
[1/3/2014 17:8:25] /m dragon
[1/3/2014 17:9:12] /m dragon
[1/3/2014 17:9:13] /m dragon
[1/3/2014 17:9:14] /m dragon
[1/3/2014 17:9:19] /r
[1/3/2014 17:11:32] /i amulet of loss
[1/3/2014 17:11:34] /i amulet of loss
[1/3/2014 17:11:34] /i amulet of loss
[1/3/2014 17:11:34] /i amulet of loss
[1/3/2014 17:11:35] /i amulet of loss
[1/3/2014 17:11:37] /i amulet of loss
[1/3/2014 17:11:38] /i amulet of loss
[1/3/2014 17:11:50] /t reiteo
[1/3/2014 17:11:55] /t ,reiteo
[1/3/2014 17:12:5] /c reiteo
[1/3/2014 17:12:9] /b GALERA JOGUEM AE
[1/3/2014 17:12:13] /b DIVIRTAM-Se
[1/3/2014 17:12:18] /b USEM E ABUSEM DO OT
[1/3/2014 17:12:30] /goto druid sem nome
[1/3/2014 17:12:41] /i spellbook
[1/3/2014 17:13:44] /goto Queria Ser Thomaz
[1/3/2014 17:13:58] /i demon backpack
[1/3/2014 17:14:8] /i amulet of loss
[1/3/2014 17:14:10] /i amulet of loss
[1/3/2014 17:14:13] /i amulet of loss
[1/3/2014 17:14:52] /m bug
[1/3/2014 17:14:52] /m bug
[1/3/2014 17:14:53] /m bug
[1/3/2014 17:15:4] /c reitwo
[1/3/2014 17:15:6] /c reiteo
[1/3/2014 17:15:18] /c reiteo
[1/3/2014 17:15:18] /c reiteo
[1/3/2014 17:15:21] /m bug
[1/3/2014 17:15:22] /m bug
[1/3/2014 17:15:23] /m bug
[1/3/2014 17:15:23] /m bug
[1/3/2014 17:15:45] /i donate boots
[1/3/2014 17:15:50] /i donate boots
[1/3/2014 17:16:5] /i spellbook
[1/3/2014 17:16:28] /m bug
[1/3/2014 17:16:29] /m bug
[1/3/2014 17:16:29] /m bug
[1/3/2014 17:16:33] /m bug
[1/3/2014 17:16:33] /m bug
[1/3/2014 17:16:35] /m bug
[1/3/2014 17:16:36] /m bug
[1/3/2014 17:16:36] /m bug
[1/3/2014 17:16:37] /m bug
[1/3/2014 17:16:57] /m morgarot
[1/3/2014 17:17:1] /m demon
[1/3/2014 17:17:19] /r
[1/3/2014 17:17:28] /m frozen dragon
[1/3/2014 17:17:38] /m lich king
[1/3/2014 17:17:50] /m infernatil
[1/3/2014 17:17:52] /m infernatil
[1/3/2014 17:18:1] /i spellbook
[1/3/2014 17:19:14] /m Nomad 
[1/3/2014 17:19:45] /m Devovorga
[1/3/2014 17:19:55] /m Irahsae
[1/3/2014 17:20:6] /m Phrodomo
[1/3/2014 17:20:17] /m weak Harbinger of Darkness
[1/3/2014 17:20:22] /m juggernault
[1/3/2014 17:20:30] /m Soul Spark
[1/3/2014 17:20:39] /m Penciljack 
[2/3/2014 0:5:8] /b otsbrasilglobal.servegame.com
[2/3/2014 0:11:35] /goto Aaronzinho
[2/3/2014 0:12:43] /goto Ledruid 
[2/3/2014 0:13:19] /c ledruid
[2/3/2014 0:13:39] /i demon backpack
[2/3/2014 0:13:46] /i donate mage armor
[2/3/2014 0:13:48] /i donate mage legs
[2/3/2014 0:13:51] /i donate boots
[2/3/2014 0:13:54] /i donate helmet
[2/3/2014 0:13:58] /i donate blessed shield
[2/3/2014 0:14:15] /i crystal coin
[2/3/2014 0:14:16] /i crystal coin
[2/3/2014 0:14:17] /i crystal coin
[2/3/2014 0:14:37] /i amulet of loss
[2/3/2014 0:14:37] /i amulet of loss
[2/3/2014 0:14:39] /i amulet of loss
[2/3/2014 0:14:49] /i underworld rod
[2/3/2014 0:16:4] /goto shrek
[2/3/2014 0:16:13] /a 5
[2/3/2014 0:16:20] /c shrek
[2/3/2014 0:16:34] /i donate spear
[2/3/2014 0:16:47] /r 100
[2/3/2014 0:16:53] /i demon backpack
[2/3/2014 0:17:5] /i donate warrior armor
[2/3/2014 0:17:9] /i donate warrior legs
[2/3/2014 0:17:13] /i donate boots
[2/3/2014 0:17:15] /i donate helmet
[2/3/2014 0:17:28] /i donate sword
[2/3/2014 0:17:34] /i donate blessed shield
[2/3/2014 0:17:49] /i crystal coin
[2/3/2014 0:17:50] /i crystal coin
[2/3/2014 0:17:50] /i crystal coin
[2/3/2014 0:17:58] /i amulet of loss
[2/3/2014 0:17:59] /i amulet of loss
[2/3/2014 0:18:11] /i donate amazon armor
[2/3/2014 0:19:22] /i Donate Ethno Coat
[2/3/2014 0:19:31] /r
[2/3/2014 0:19:41] /i Donate Hunter Armor
[2/3/2014 0:19:52] /i Donate Hunter legs
[2/3/2014 0:19:56] /i donate boots
[2/3/2014 0:20:1] /i donate helmet
[2/3/2014 0:20:4] /i demon backpack
[2/3/2014 0:20:29] /i Donate Bow
[2/3/2014 0:20:33] /i ice arrow
[2/3/2014 0:20:37] /i arrow
[2/3/2014 0:20:39] /i arrow
[2/3/2014 0:20:59] /i crystal coin
[2/3/2014 0:21:0] /i crystal coin
[2/3/2014 0:21:6] /i amulet of loss
[2/3/2014 0:21:7] /i amulet of loss
[2/3/2014 0:22:1] /a 3
