[16/6/2014 2:9:45] /t
[16/6/2014 2:10:9] /c absolute
[16/6/2014 2:10:54] /a 3
[16/6/2014 2:10:59] /a 3
[16/6/2014 2:10:59] /a 3
[16/6/2014 2:10:59] /a 3
[16/6/2014 2:11:0] /a 3
[16/6/2014 2:11:1] /a 3
[16/6/2014 2:11:4] /a 3
[16/6/2014 2:11:6] /a 3
[16/6/2014 2:11:7] /a 3
[16/6/2014 2:11:8] /a 3
[16/6/2014 2:11:8] /a 3
[16/6/2014 2:11:9] /a 3
[16/6/2014 2:11:9] /a 3
[16/6/2014 2:11:11] /a 3
[16/6/2014 2:11:12] /a 3
[16/6/2014 2:11:12] /a 3
[16/6/2014 2:11:12] /a 3
[16/6/2014 2:11:12] /a 3
[16/6/2014 2:11:13] /a 3
[16/6/2014 2:11:13] /a 3
[16/6/2014 2:11:14] /a 3
[16/6/2014 2:11:14] /a 3
[16/6/2014 2:11:14] /a 3
[16/6/2014 2:11:16] /a 3
[16/6/2014 2:11:16] /a 3
[16/6/2014 2:11:17] /a 3
[16/6/2014 2:11:19] /a 3
[16/6/2014 2:11:19] /a 3
[16/6/2014 2:11:20] /a 3
[16/6/2014 2:11:20] /a 3
[16/6/2014 2:11:20] /a 3
[16/6/2014 2:11:22] /a 3
[16/6/2014 2:11:22] /a 3
[16/6/2014 2:11:23] /a 3
[16/6/2014 2:11:23] /a 3
[16/6/2014 2:11:24] /a 3
[16/6/2014 2:11:25] /a 3
[16/6/2014 2:11:25] /a 3
[16/6/2014 2:11:25] /a 3
[16/6/2014 2:11:32] /t
[16/6/2014 2:11:55] /a 3
[16/6/2014 2:11:56] /a 3
[16/6/2014 2:11:56] /a 3
[16/6/2014 2:11:58] /a 3
[16/6/2014 2:12:1] /a 3
[16/6/2014 2:12:3] /a 3
[16/6/2014 2:12:3] /a 3
[16/6/2014 2:12:4] /a 3
[16/6/2014 2:12:4] /a 3
[16/6/2014 2:12:5] /a 3
[16/6/2014 2:12:5] /a 3
[16/6/2014 2:12:7] /goto absolute
[16/6/2014 2:12:26] /a 3
[16/6/2014 2:12:26] /a 3
[16/6/2014 2:12:26] /a 3
[16/6/2014 2:12:26] /a 3
[16/6/2014 2:13:9] /a 3
[16/6/2014 2:13:9] /a 3
[16/6/2014 2:13:10] /a 3
[16/6/2014 2:13:10] /a 3
[16/6/2014 2:13:11] /a 3
[16/6/2014 2:13:12] /a 3
[16/6/2014 2:13:14] /a 3
[16/6/2014 2:13:15] /a 3
[16/6/2014 2:13:15] /a 3
[16/6/2014 2:13:16] /a 3
[16/6/2014 2:13:17] /a 3
[16/6/2014 2:13:17] /a 3
[16/6/2014 2:13:20] /a 3
[16/6/2014 2:13:21] /a 3
[16/6/2014 2:13:22] /a 3
[16/6/2014 2:13:24] /a 3
[16/6/2014 2:13:31] /a 3
[16/6/2014 2:13:31] /a 3
[16/6/2014 2:13:32] /a 3
[16/6/2014 2:13:32] /a 3
[16/6/2014 2:13:32] /a 3
[16/6/2014 2:13:33] /a 3
[16/6/2014 2:13:34] /a 3
[16/6/2014 2:13:35] /a 3
[16/6/2014 2:13:51] /goto absolute
[16/6/2014 2:14:12] /a 3
[16/6/2014 2:14:14] /a 3
[16/6/2014 2:14:14] /a 3
[16/6/2014 2:14:15] /a 3
[16/6/2014 2:14:15] /a 3
[16/6/2014 2:14:16] /a 3
[16/6/2014 2:14:17] /a 3
[16/6/2014 2:14:17] /a 3
[16/6/2014 2:14:19] /a 3
[16/6/2014 2:14:23] /a 3
[16/6/2014 2:14:44] /a 3
[16/6/2014 2:14:44] /a 3
[16/6/2014 2:14:44] /a 3
[16/6/2014 2:14:45] /a 3
[16/6/2014 2:14:47] /a 3
[16/6/2014 2:15:8] /a 3
[16/6/2014 2:15:8] /a 3
[16/6/2014 2:15:9] /a 3
[16/6/2014 2:15:9] /a 3
[16/6/2014 2:15:12] /a 3
[16/6/2014 2:15:12] /a 3
[16/6/2014 2:15:43] /a 3
[16/6/2014 2:15:46] /a 3
[16/6/2014 2:15:47] /a 3
[16/6/2014 2:15:48] /a 3
[16/6/2014 2:15:54] /a 3
[16/6/2014 2:15:54] /a 3
[16/6/2014 2:15:56] /a 3
[16/6/2014 2:15:56] /a 3
[16/6/2014 2:15:56] /a 3
[16/6/2014 2:16:23] /i 1448
[16/6/2014 2:16:26] /r
[16/6/2014 2:16:37] /i 10349
[16/6/2014 2:16:39] /r
[16/6/2014 2:16:40] /r
[16/6/2014 2:16:48] /i 8626
[16/6/2014 2:16:55] /i 8834
[16/6/2014 2:17:0] /i 10353
[16/6/2014 2:17:6] /i 1444
[16/6/2014 2:17:19] /i 407
[16/6/2014 2:17:20] /a
[16/6/2014 2:17:21] /i 407
[16/6/2014 2:17:22] /a
[16/6/2014 2:17:23] /i 407
[16/6/2014 2:17:23] /a
[16/6/2014 2:17:24] /i 407
[16/6/2014 2:17:24] /a
[16/6/2014 2:17:25] /i 407
[16/6/2014 2:17:27] /a
[16/6/2014 2:17:27] /a
[16/6/2014 2:17:28] /i 407
[16/6/2014 2:17:30] /a
[16/6/2014 2:17:30] /i 407
[16/6/2014 2:17:32] /a
[16/6/2014 2:17:32] /i 407
[16/6/2014 2:17:34] /a
[16/6/2014 2:17:35] /a
[16/6/2014 2:17:36] /i 407
[16/6/2014 2:17:38] /a
[16/6/2014 2:17:39] /i 407
[16/6/2014 2:17:41] /a
[16/6/2014 2:17:42] /a
[16/6/2014 2:17:43] /i 407
[16/6/2014 2:17:44] /a 3
[16/6/2014 2:17:44] /a 3
[16/6/2014 2:21:2] /goto unsek
[16/6/2014 2:21:5] /a 3
[16/6/2014 2:21:5] /a 3
[16/6/2014 2:21:6] /a 3
[16/6/2014 2:21:6] /a 3
[16/6/2014 2:21:6] /a 3
[16/6/2014 2:21:7] /a 3
[16/6/2014 2:21:7] /a 3
[16/6/2014 2:21:7] /a 3
[16/6/2014 2:21:7] /a 3
[16/6/2014 2:21:8] /a 3
[16/6/2014 2:21:8] /a 3
[16/6/2014 2:21:8] /a 3
[16/6/2014 2:21:8] /a 3
[16/6/2014 2:21:10] /c unsek
[16/6/2014 2:21:11] /a 3
[16/6/2014 2:21:11] /a 3
[16/6/2014 2:21:13] /a 3
[16/6/2014 2:21:14] /a 3
[16/6/2014 2:21:15] /a 3
[16/6/2014 2:21:15] /a 3
[16/6/2014 2:21:15] /a 3
[16/6/2014 2:21:16] /a 3
[16/6/2014 2:21:16] /a 3
[16/6/2014 2:21:16] /a 3
[16/6/2014 2:21:18] /t
[16/6/2014 2:21:35] /goto unsek
[16/6/2014 2:21:56] /t
[16/6/2014 2:21:57] /a 3
[16/6/2014 2:21:57] /a 3
[16/6/2014 2:21:58] /a 3
[16/6/2014 2:21:58] /a 3
[16/6/2014 2:21:58] /a 3
[16/6/2014 2:21:58] /a 3
[16/6/2014 2:21:58] /a 3
[16/6/2014 2:21:58] /a 3
[16/6/2014 2:22:0] /goto unsek
[16/6/2014 2:22:9] /c unsek
[16/6/2014 2:22:11] /t
[16/6/2014 2:28:58] /a 3
[16/6/2014 2:28:58] /a 3
[16/6/2014 2:28:58] /a 3
[16/6/2014 2:28:58] /a 3
[16/6/2014 2:28:58] /a 3
[16/6/2014 2:28:58] /a 3
[16/6/2014 2:28:59] /a 3
[16/6/2014 2:28:59] /a 3
[16/6/2014 2:28:59] /a 3
[16/6/2014 2:28:59] /a 3
[16/6/2014 2:28:59] /a 3
[16/6/2014 2:29:0] /a 3
[16/6/2014 2:29:0] /a 3
[16/6/2014 2:29:0] /a 3
[16/6/2014 2:29:0] /a 3
[16/6/2014 2:29:0] /a 3
[16/6/2014 2:29:0] /a 3
[16/6/2014 2:29:1] /a 3
[16/6/2014 2:29:1] /a 3
[16/6/2014 2:29:1] /a 3
[16/6/2014 2:29:1] /a 3
[16/6/2014 2:29:1] /a 3
[16/6/2014 2:29:1] /a 3
[16/6/2014 2:29:2] /a 3
[16/6/2014 2:29:2] /a 3
[16/6/2014 2:29:2] /a 3
[16/6/2014 2:29:2] /a 3
[16/6/2014 2:29:2] /a 3
[16/6/2014 2:29:3] /a 3
[16/6/2014 2:29:3] /a 3
[16/6/2014 2:29:3] /a 3
[16/6/2014 2:29:3] /a 3
[16/6/2014 2:29:3] /a 3
[16/6/2014 2:29:3] /a 3
[16/6/2014 2:29:4] /up
[16/6/2014 2:29:8] /down
[16/6/2014 2:29:8] /a 3
[16/6/2014 2:29:8] /a 3
[16/6/2014 2:29:10] /up
[16/6/2014 2:29:12] /a 3
[16/6/2014 2:29:12] /a 3
[16/6/2014 2:29:17] /r
[16/6/2014 2:30:21] /r
[16/6/2014 2:30:22] /r
[16/6/2014 2:30:23] /r
[16/6/2014 2:30:27] /i 4979
[16/6/2014 2:30:56] /i 11917
[16/6/2014 2:30:57] /i 11917
[16/6/2014 2:30:58] /i 11917
[16/6/2014 2:30:59] /i 11917
[16/6/2014 2:30:59] /i 11917
[16/6/2014 2:31:0] /i 11917
[16/6/2014 2:31:2] /r
[16/6/2014 2:31:3] /r
[16/6/2014 2:31:4] /r
[16/6/2014 2:31:6] /r
[16/6/2014 2:31:6] /r
[16/6/2014 2:31:7] /r
[16/6/2014 2:32:23] /a 3
[16/6/2014 2:32:23] /a 3
[16/6/2014 2:32:25] /a 3
[16/6/2014 2:53:12] /t
[16/6/2014 2:54:51] /a 3
